c:\users\wu yu hsiang\desktop\zora\program\videocube1.6_dmp_d\videocube1.6\videocube1.0\debug\videocube1.0.vcxproj.assemblyreference.cache
c:\users\wu yu hsiang\desktop\zora\program\videocube1.6_dmp_d\videocube1.6\videocube1.0\debug\assemblyinfo.obj
c:\users\wu yu hsiang\desktop\zora\program\videocube1.6_dmp_d\videocube1.6\videocube1.0\debug\countrank.obj
c:\users\wu yu hsiang\desktop\zora\program\videocube1.6_dmp_d\videocube1.6\videocube1.0\debug\ctreeview.obj
c:\users\wu yu hsiang\desktop\zora\program\videocube1.6_dmp_d\videocube1.6\videocube1.0\debug\cube.obj
c:\users\wu yu hsiang\desktop\zora\program\videocube1.6_dmp_d\videocube1.6\videocube1.0\debug\framesequencetocubes.obj
c:\users\wu yu hsiang\desktop\zora\program\videocube1.6_dmp_d\videocube1.6\videocube1.0\debug\humanregiondetection.obj
c:\users\wu yu hsiang\desktop\zora\program\videocube1.6_dmp_d\videocube1.6\videocube1.0\debug\sparsematrix.obj
c:\users\wu yu hsiang\desktop\zora\program\videocube1.6_dmp_d\videocube1.6\videocube1.0\debug\stdafx.obj
c:\users\wu yu hsiang\desktop\zora\program\videocube1.6_dmp_d\videocube1.6\videocube1.0\debug\vbghtsimular.obj
c:\users\wu yu hsiang\desktop\zora\program\videocube1.6_dmp_d\videocube1.6\videocube1.0\debug\videocube1.0.obj
c:\users\wu yu hsiang\desktop\zora\program\videocube1.6_dmp_d\videocube1.6\videocube1.0\debug\volumebasedght.obj
c:\users\wu yu hsiang\desktop\zora\program\videocube1.6_dmp_d\videocube1.6\videocube1.0\debug\videocube10.form1.resources
c:\users\wu yu hsiang\desktop\zora\program\videocube1.6_dmp_d\videocube1.6\videocube1.0\debug\videocube1.0.exe.intermediate.manifest
c:\users\wu yu hsiang\desktop\zora\program\videocube1.6_dmp_d\videocube1.6\videocube1.0\debug\app.res
c:\users\wu yu hsiang\desktop\zora\program\videocube1.6_dmp_d\videocube1.6\videocube1.0\debug\videocube1.0.pch
c:\users\wu yu hsiang\desktop\zora\program\videocube1.6_dmp_d\videocube1.6\videocube1.0\debug\vc90.idb
c:\users\wu yu hsiang\desktop\zora\program\videocube1.6_dmp_d\videocube1.6\videocube1.0\debug\vc90.pdb
c:\users\wu yu hsiang\desktop\zora\program\videocube1.6_dmp_d\videocube1.6\debug\videocube1.0.pdb
c:\users\wu yu hsiang\desktop\zora\program\videocube1.6_dmp_d\videocube1.6\debug\videocube1.0.exe
c:\users\wu yu hsiang\desktop\zora\program\videocube1.6_dmp_d\videocube1.6\debug\videocube1.0.ilk
